app/build/outputs/logs/manifest-merger-release-report.txt
-- Merging decision tree log ---
manifest
ADDED from src/main/AndroidManifest.xml:2:1-51:12
INJECTED from src/main/AndroidManifest.xml:2:1-51:12
INJECTED from src/main/AndroidManifest.xml:2:1-51:12
INJECTED from src/main/AndroidManifest.xml:2:1-51:12
MERGED from [com.github.czy1121:loadinglayout:1.0.1] AndroidManifest.xml:2:1-11:12
MERGED from [com.github.hackware1993:MagicIndicator:1.5.0] AndroidManifest.xml:2:1-12:12
MERGED from [com.mylhyl:circleDialog:2.3.0] AndroidManifest.xml:2:1-14:12
MERGED from [com.android.support:design:25.3.1] AndroidManifest.xml:17:1-31:12
MERGED from [com.jph.takephoto:takephoto_library:4.0.3] AndroidManifest.xml:2:1-28:12
MERGED from [com.darsh.multipleimageselect:multipleimageselect:1.0.4] AndroidManifest.xml:2:1-36:12
MERGED from [com.android.support:appcompat-v7:25.3.1] AndroidManifest.xml:17:1-31:12
MERGED from [me.majiajie:pager-bottom-tab-strip:2.2.2] AndroidManifest.xml:2:1-13:12
MERGED from [com.soundcloud.android.crop:lib_crop:1.0.0] AndroidManifest.xml:2:1-12:12
MERGED from [me.shaohui.advancedluban:library:1.3.2] AndroidManifest.xml:2:1-11:12
MERGED from [com.android.support:transition:25.3.1] AndroidManifest.xml:17:1-28:12
MERGED from [com.android.support:support-v4:25.3.1] AndroidManifest.xml:17:1-31:12
MERGED from [com.android.support:support-fragment:25.3.1] AndroidManifest.xml:17:1-31:12
MERGED from [com.orhanobut:logger:2.1.1] AndroidManifest.xml:2:1-8:12
MERGED from [org.byteam.superadapter:superadapter:3.6.6] AndroidManifest.xml:2:1-12:12
MERGED from [com.malinskiy:superrecyclerview:1.1.4] AndroidManifest.xml:2:1-14:12
MERGED from [com.android.support:recyclerview-v7:25.3.1] AndroidManifest.xml:17:1-26:12
MERGED from [com.zhy:okhttputils:2.6.2] AndroidManifest.xml:2:1-11:12
MERGED from [com.scwang.smartrefresh:SmartRefreshLayout:1.0.5.1] AndroidManifest.xml:2:1-17:12
MERGED from [com.scwang.smartrefresh:SmartRefreshHeader:1.0.5.1] AndroidManifest.xml:2:1-17:12
MERGED from [com.wang.avi:library:2.1.3] AndroidManifest.xml:2:1-11:12
MERGED from [com.jakewharton:butterknife:8.4.0] AndroidManifest.xml:2:1-7:12
MERGED from [com.blankj:utilcode:1.12.6] AndroidManifest.xml:2:1-17:12
MERGED from [ch.ielse:switchbutton:1.0.1] AndroidManifest.xml:2:1-16:12
MERGED from [com.youth.banner:banner:1.4.10] AndroidManifest.xml:2:1-11:12
MERGED from [com.qianwen:update-app:3.3.8] AndroidManifest.xml:2:1-29:12
MERGED from [com.lzy.net:okgo:3.0.4] AndroidManifest.xml:17:1-31:12
MERGED from [com.android.support:support-media-compat:25.3.1] AndroidManifest.xml:17:1-31:12
MERGED from [com.android.support:support-core-ui:25.3.1] AndroidManifest.xml:17:1-31:12
MERGED from [com.android.support:support-core-utils:25.3.1] AndroidManifest.xml:17:1-31:12
MERGED from [com.android.support:animated-vector-drawable:25.3.1] AndroidManifest.xml:17:1-28:12
MERGED from [com.android.support:support-vector-drawable:25.3.1] AndroidManifest.xml:17:1-28:12
MERGED from [com.android.support:support-compat:25.3.1] AndroidManifest.xml:17:1-31:12
MERGED from [io.reactivex:rxandroid:1.2.1] AndroidManifest.xml:15:1-21:12
INJECTED from src/main/AndroidManifest.xml:2:1-51:12
INJECTED from src/main/AndroidManifest.xml:2:1-51:12
INJECTED from src/main/AndroidManifest.xml:2:1-51:12
	package
		ADDED from src/main/AndroidManifest.xml:3:11-40
		INJECTED from src/main/AndroidManifest.xml
		INJECTED from src/main/AndroidManifest.xml
	android:versionName
		INJECTED from src/main/AndroidManifest.xml
		ADDED from src/main/AndroidManifest.xml:2:1-51:12
		INJECTED from src/main/AndroidManifest.xml
	android:versionCode
		INJECTED from src/main/AndroidManifest.xml
		ADDED from src/main/AndroidManifest.xml:2:1-51:12
		INJECTED from src/main/AndroidManifest.xml
	xmlns:android
		ADDED from src/main/AndroidManifest.xml:2:11-69
uses-permission#android.permission.ACCESS_WIFI_STATE
ADDED from src/main/AndroidManifest.xml:5:5-75
	android:name
		ADDED from src/main/AndroidManifest.xml:5:22-73
uses-permission#android.permission.ACCESS_NETWORK_STATE
ADDED from src/main/AndroidManifest.xml:6:5-78
	android:name
		ADDED from src/main/AndroidManifest.xml:6:22-76
uses-permission#android.permission.GET_ACCOUNTS
ADDED from src/main/AndroidManifest.xml:7:5-70
	android:name
		ADDED from src/main/AndroidManifest.xml:7:22-68
uses-permission#android.permission.READ_PROFILE
ADDED from src/main/AndroidManifest.xml:8:5-70
	android:name
		ADDED from src/main/AndroidManifest.xml:8:22-68
uses-permission#android.permission.READ_CONTACTS
ADDED from src/main/AndroidManifest.xml:9:5-71
	android:name
		ADDED from src/main/AndroidManifest.xml:9:22-69
uses-permission#android.permission.INTERNET
ADDED from src/main/AndroidManifest.xml:10:5-66
MERGED from [com.qianwen:update-app:3.3.8] AndroidManifest.xml:11:5-67
MERGED from [com.qianwen:update-app:3.3.8] AndroidManifest.xml:11:5-67
MERGED from [com.lzy.net:okgo:3.0.4] AndroidManifest.xml:26:5-67
MERGED from [com.lzy.net:okgo:3.0.4] AndroidManifest.xml:26:5-67
	android:name
		ADDED from src/main/AndroidManifest.xml:10:22-64
uses-permission#android.permission.SYSTEM_ALERT_WINDOW
ADDED from src/main/AndroidManifest.xml:11:5-77
	android:name
		ADDED from src/main/AndroidManifest.xml:11:22-75
uses-permission#android.permission.MOUNT_UNMOUNT_FILESYSTEMS
ADDED from src/main/AndroidManifest.xml:12:5-83
MERGED from [com.lzy.net:okgo:3.0.4] AndroidManifest.xml:29:5-84
MERGED from [com.lzy.net:okgo:3.0.4] AndroidManifest.xml:29:5-84
	android:name
		ADDED from src/main/AndroidManifest.xml:12:22-81
uses-permission#android.permission.READ_LOGS
ADDED from src/main/AndroidManifest.xml:14:5-67
	android:name
		ADDED from src/main/AndroidManifest.xml:14:22-65
uses-permission#android.permission.VIBRATE
ADDED from src/main/AndroidManifest.xml:16:5-65
	android:name
		ADDED from src/main/AndroidManifest.xml:16:22-63
uses-permission#android.permission.CAMERA
ADDED from src/main/AndroidManifest.xml:17:5-64
MERGED from [com.jph.takephoto:takephoto_library:4.0.3] AndroidManifest.xml:12:5-65
MERGED from [com.jph.takephoto:takephoto_library:4.0.3] AndroidManifest.xml:12:5-65
	android:name
		ADDED from src/main/AndroidManifest.xml:17:22-62
uses-permission#android.permission.READ_EXTERNAL_STORAGE
ADDED from src/main/AndroidManifest.xml:18:5-79
MERGED from [com.darsh.multipleimageselect:multipleimageselect:1.0.4] AndroidManifest.xml:11:5-80
MERGED from [com.darsh.multipleimageselect:multipleimageselect:1.0.4] AndroidManifest.xml:11:5-80
MERGED from [com.qianwen:update-app:3.3.8] AndroidManifest.xml:13:5-80
MERGED from [com.qianwen:update-app:3.3.8] AndroidManifest.xml:13:5-80
MERGED from [com.lzy.net:okgo:3.0.4] AndroidManifest.xml:27:5-80
MERGED from [com.lzy.net:okgo:3.0.4] AndroidManifest.xml:27:5-80
	android:name
		ADDED from src/main/AndroidManifest.xml:18:22-77
uses-permission#android.permission.WRITE_EXTERNAL_STORAGE
ADDED from src/main/AndroidManifest.xml:19:5-80
MERGED from [com.jph.takephoto:takephoto_library:4.0.3] AndroidManifest.xml:11:5-81
MERGED from [com.jph.takephoto:takephoto_library:4.0.3] AndroidManifest.xml:11:5-81
MERGED from [com.qianwen:update-app:3.3.8] AndroidManifest.xml:12:5-81
MERGED from [com.qianwen:update-app:3.3.8] AndroidManifest.xml:12:5-81
MERGED from [com.lzy.net:okgo:3.0.4] AndroidManifest.xml:28:5-81
MERGED from [com.lzy.net:okgo:3.0.4] AndroidManifest.xml:28:5-81
	android:name
		ADDED from src/main/AndroidManifest.xml:19:22-78
uses-permission#android.permission.BLUETOOTH
ADDED from src/main/AndroidManifest.xml:20:5-67
	android:name
		ADDED from src/main/AndroidManifest.xml:20:22-65
uses-permission#android.permission.READ_PHONE_STATE
ADDED from src/main/AndroidManifest.xml:21:5-75
	android:name
		ADDED from src/main/AndroidManifest.xml:21:22-72
application
ADDED from src/main/AndroidManifest.xml:22:5-49:19
MERGED from [com.mylhyl:circleDialog:2.3.0] AndroidManifest.xml:12:5-20
MERGED from [com.mylhyl:circleDialog:2.3.0] AndroidManifest.xml:12:5-20
MERGED from [com.android.support:design:25.3.1] AndroidManifest.xml:29:5-20
MERGED from [com.android.support:design:25.3.1] AndroidManifest.xml:29:5-20
MERGED from [com.jph.takephoto:takephoto_library:4.0.3] AndroidManifest.xml:14:5-26:19
MERGED from [com.jph.takephoto:takephoto_library:4.0.3] AndroidManifest.xml:14:5-26:19
MERGED from [com.darsh.multipleimageselect:multipleimageselect:1.0.4] AndroidManifest.xml:13:5-34:19
MERGED from [com.darsh.multipleimageselect:multipleimageselect:1.0.4] AndroidManifest.xml:13:5-34:19
MERGED from [com.android.support:appcompat-v7:25.3.1] AndroidManifest.xml:29:5-20
MERGED from [com.android.support:appcompat-v7:25.3.1] AndroidManifest.xml:29:5-20
MERGED from [me.majiajie:pager-bottom-tab-strip:2.2.2] AndroidManifest.xml:11:5-53
MERGED from [me.majiajie:pager-bottom-tab-strip:2.2.2] AndroidManifest.xml:11:5-53
MERGED from [com.android.support:transition:25.3.1] AndroidManifest.xml:26:5-20
MERGED from [com.android.support:transition:25.3.1] AndroidManifest.xml:26:5-20
MERGED from [com.android.support:support-v4:25.3.1] AndroidManifest.xml:29:5-20
MERGED from [com.android.support:support-v4:25.3.1] AndroidManifest.xml:29:5-20
MERGED from [com.android.support:support-fragment:25.3.1] AndroidManifest.xml:29:5-20
MERGED from [com.android.support:support-fragment:25.3.1] AndroidManifest.xml:29:5-20
MERGED from [com.malinskiy:superrecyclerview:1.1.4] AndroidManifest.xml:12:5-20
MERGED from [com.malinskiy:superrecyclerview:1.1.4] AndroidManifest.xml:12:5-20
MERGED from [com.scwang.smartrefresh:SmartRefreshLayout:1.0.5.1] AndroidManifest.xml:11:5-15:19
MERGED from [com.scwang.smartrefresh:SmartRefreshLayout:1.0.5.1] AndroidManifest.xml:11:5-15:19
MERGED from [com.scwang.smartrefresh:SmartRefreshHeader:1.0.5.1] AndroidManifest.xml:11:5-15:19
MERGED from [com.scwang.smartrefresh:SmartRefreshHeader:1.0.5.1] AndroidManifest.xml:11:5-15:19
MERGED from [com.blankj:utilcode:1.12.6] AndroidManifest.xml:9:5-15:19
MERGED from [com.blankj:utilcode:1.12.6] AndroidManifest.xml:9:5-15:19
MERGED from [ch.ielse:switchbutton:1.0.1] AndroidManifest.xml:11:5-14:19
MERGED from [ch.ielse:switchbutton:1.0.1] AndroidManifest.xml:11:5-14:19
MERGED from [com.qianwen:update-app:3.3.8] AndroidManifest.xml:15:5-27:19
MERGED from [com.qianwen:update-app:3.3.8] AndroidManifest.xml:15:5-27:19
MERGED from [com.android.support:support-media-compat:25.3.1] AndroidManifest.xml:29:5-20
MERGED from [com.android.support:support-media-compat:25.3.1] AndroidManifest.xml:29:5-20
MERGED from [com.android.support:support-core-ui:25.3.1] AndroidManifest.xml:29:5-20
MERGED from [com.android.support:support-core-ui:25.3.1] AndroidManifest.xml:29:5-20
MERGED from [com.android.support:support-core-utils:25.3.1] AndroidManifest.xml:29:5-20
MERGED from [com.android.support:support-core-utils:25.3.1] AndroidManifest.xml:29:5-20
MERGED from [com.android.support:animated-vector-drawable:25.3.1] AndroidManifest.xml:26:5-20
MERGED from [com.android.support:animated-vector-drawable:25.3.1] AndroidManifest.xml:26:5-20
MERGED from [com.android.support:support-vector-drawable:25.3.1] AndroidManifest.xml:26:5-20
MERGED from [com.android.support:support-vector-drawable:25.3.1] AndroidManifest.xml:26:5-20
MERGED from [com.android.support:support-compat:25.3.1] AndroidManifest.xml:29:5-20
MERGED from [com.android.support:support-compat:25.3.1] AndroidManifest.xml:29:5-20
	android:supportsRtl
		ADDED from src/main/AndroidManifest.xml:27:9-35
	android:label
		ADDED from src/main/AndroidManifest.xml:26:9-41
	android:icon
		ADDED from src/main/AndroidManifest.xml:25:9-39
	android:allowBackup
		ADDED from src/main/AndroidManifest.xml:24:9-35
	android:theme
		ADDED from src/main/AndroidManifest.xml:28:9-40
	android:name
		ADDED from src/main/AndroidManifest.xml:23:9-47
activity#personal.buildbroad.MainActivity
ADDED from src/main/AndroidManifest.xml:38:9-43:20
	android:name
		ADDED from src/main/AndroidManifest.xml:38:19-66
intent-filter#android.intent.action.MAIN+android.intent.category.LAUNCHER
ADDED from src/main/AndroidManifest.xml:39:13-42:29
action#android.intent.action.MAIN
ADDED from src/main/AndroidManifest.xml:40:17-68
	android:name
		ADDED from src/main/AndroidManifest.xml:40:25-66
category#android.intent.category.LAUNCHER
ADDED from src/main/AndroidManifest.xml:41:17-76
	android:name
		ADDED from src/main/AndroidManifest.xml:41:27-74
activity#personal.buildbroad.SocketActivity
ADDED from src/main/AndroidManifest.xml:44:9-70
	android:name
		ADDED from src/main/AndroidManifest.xml:44:19-68
activity#personal.buildbroad.tests.SpeedActivity
ADDED from src/main/AndroidManifest.xml:45:9-56
	android:name
		ADDED from src/main/AndroidManifest.xml:45:19-54
meta-data#UPDATE_APP_KEY
ADDED from src/main/AndroidManifest.xml:46:9-48:63
	android:value
		ADDED from src/main/AndroidManifest.xml:48:13-61
	android:name
		ADDED from src/main/AndroidManifest.xml:47:13-42
uses-sdk
INJECTED from src/main/AndroidManifest.xml reason: use-sdk injection requested
INJECTED from src/main/AndroidManifest.xml
INJECTED from src/main/AndroidManifest.xml
MERGED from [com.github.czy1121:loadinglayout:1.0.1] AndroidManifest.xml:7:5-9:41
MERGED from [com.github.czy1121:loadinglayout:1.0.1] AndroidManifest.xml:7:5-9:41
MERGED from [com.github.hackware1993:MagicIndicator:1.5.0] AndroidManifest.xml:8:5-10:41
MERGED from [com.github.hackware1993:MagicIndicator:1.5.0] AndroidManifest.xml:8:5-10:41
MERGED from [com.mylhyl:circleDialog:2.3.0] AndroidManifest.xml:8:5-10:41
MERGED from [com.mylhyl:circleDialog:2.3.0] AndroidManifest.xml:8:5-10:41
MERGED from [com.android.support:design:25.3.1] AndroidManifest.xml:21:5-23:62
MERGED from [com.android.support:design:25.3.1] AndroidManifest.xml:21:5-23:62
MERGED from [com.jph.takephoto:takephoto_library:4.0.3] AndroidManifest.xml:7:5-9:41
MERGED from [com.jph.takephoto:takephoto_library:4.0.3] AndroidManifest.xml:7:5-9:41
MERGED from [com.darsh.multipleimageselect:multipleimageselect:1.0.4] AndroidManifest.xml:7:5-9:41
MERGED from [com.darsh.multipleimageselect:multipleimageselect:1.0.4] AndroidManifest.xml:7:5-9:41
MERGED from [com.android.support:appcompat-v7:25.3.1] AndroidManifest.xml:21:5-23:78
MERGED from [com.android.support:appcompat-v7:25.3.1] AndroidManifest.xml:21:5-23:78
MERGED from [me.majiajie:pager-bottom-tab-strip:2.2.2] AndroidManifest.xml:7:5-9:41
MERGED from [me.majiajie:pager-bottom-tab-strip:2.2.2] AndroidManifest.xml:7:5-9:41
MERGED from [com.soundcloud.android.crop:lib_crop:1.0.0] AndroidManifest.xml:8:5-10:41
MERGED from [com.soundcloud.android.crop:lib_crop:1.0.0] AndroidManifest.xml:8:5-10:41
MERGED from [me.shaohui.advancedluban:library:1.3.2] AndroidManifest.xml:7:5-9:41
MERGED from [me.shaohui.advancedluban:library:1.3.2] AndroidManifest.xml:7:5-9:41
MERGED from [com.android.support:transition:25.3.1] AndroidManifest.xml:20:5-44
MERGED from [com.android.support:transition:25.3.1] AndroidManifest.xml:20:5-44
MERGED from [com.android.support:support-v4:25.3.1] AndroidManifest.xml:21:5-23:54
MERGED from [com.android.support:support-v4:25.3.1] AndroidManifest.xml:21:5-23:54
MERGED from [com.android.support:support-fragment:25.3.1] AndroidManifest.xml:21:5-23:60
MERGED from [com.android.support:support-fragment:25.3.1] AndroidManifest.xml:21:5-23:60
MERGED from [com.orhanobut:logger:2.1.1] AndroidManifest.xml:6:5-43
MERGED from [com.orhanobut:logger:2.1.1] AndroidManifest.xml:6:5-43
MERGED from [org.byteam.superadapter:superadapter:3.6.6] AndroidManifest.xml:8:5-10:41
MERGED from [org.byteam.superadapter:superadapter:3.6.6] AndroidManifest.xml:8:5-10:41
MERGED from [com.malinskiy:superrecyclerview:1.1.4] AndroidManifest.xml:8:5-10:41
MERGED from [com.malinskiy:superrecyclerview:1.1.4] AndroidManifest.xml:8:5-10:41
MERGED from [com.android.support:recyclerview-v7:25.3.1] AndroidManifest.xml:20:5-43
MERGED from [com.android.support:recyclerview-v7:25.3.1] AndroidManifest.xml:20:5-43
MERGED from [com.zhy:okhttputils:2.6.2] AndroidManifest.xml:7:5-9:41
MERGED from [com.zhy:okhttputils:2.6.2] AndroidManifest.xml:7:5-9:41
MERGED from [com.scwang.smartrefresh:SmartRefreshLayout:1.0.5.1] AndroidManifest.xml:7:5-9:41
MERGED from [com.scwang.smartrefresh:SmartRefreshLayout:1.0.5.1] AndroidManifest.xml:7:5-9:41
MERGED from [com.scwang.smartrefresh:SmartRefreshHeader:1.0.5.1] AndroidManifest.xml:7:5-9:41
MERGED from [com.scwang.smartrefresh:SmartRefreshHeader:1.0.5.1] AndroidManifest.xml:7:5-9:41
MERGED from [com.wang.avi:library:2.1.3] AndroidManifest.xml:7:5-9:41
MERGED from [com.wang.avi:library:2.1.3] AndroidManifest.xml:7:5-9:41
MERGED from [com.jakewharton:butterknife:8.4.0] AndroidManifest.xml:5:5-43
MERGED from [com.jakewharton:butterknife:8.4.0] AndroidManifest.xml:5:5-43
MERGED from [com.blankj:utilcode:1.12.6] AndroidManifest.xml:7:5-44
MERGED from [com.blankj:utilcode:1.12.6] AndroidManifest.xml:7:5-44
MERGED from [ch.ielse:switchbutton:1.0.1] AndroidManifest.xml:7:5-9:41
MERGED from [ch.ielse:switchbutton:1.0.1] AndroidManifest.xml:7:5-9:41
MERGED from [com.youth.banner:banner:1.4.10] AndroidManifest.xml:7:5-9:41
MERGED from [com.youth.banner:banner:1.4.10] AndroidManifest.xml:7:5-9:41
MERGED from [com.qianwen:update-app:3.3.8] AndroidManifest.xml:7:5-9:41
MERGED from [com.qianwen:update-app:3.3.8] AndroidManifest.xml:7:5-9:41
MERGED from [com.lzy.net:okgo:3.0.4] AndroidManifest.xml:22:5-24:41
MERGED from [com.lzy.net:okgo:3.0.4] AndroidManifest.xml:22:5-24:41
MERGED from [com.android.support:support-media-compat:25.3.1] AndroidManifest.xml:21:5-23:63
MERGED from [com.android.support:support-media-compat:25.3.1] AndroidManifest.xml:21:5-23:63
MERGED from [com.android.support:support-core-ui:25.3.1] AndroidManifest.xml:21:5-23:58
MERGED from [com.android.support:support-core-ui:25.3.1] AndroidManifest.xml:21:5-23:58
MERGED from [com.android.support:support-core-utils:25.3.1] AndroidManifest.xml:21:5-23:61
MERGED from [com.android.support:support-core-utils:25.3.1] AndroidManifest.xml:21:5-23:61
MERGED from [com.android.support:animated-vector-drawable:25.3.1] AndroidManifest.xml:20:5-44
MERGED from [com.android.support:animated-vector-drawable:25.3.1] AndroidManifest.xml:20:5-44
MERGED from [com.android.support:support-vector-drawable:25.3.1] AndroidManifest.xml:20:5-43
MERGED from [com.android.support:support-vector-drawable:25.3.1] AndroidManifest.xml:20:5-43
MERGED from [com.android.support:support-compat:25.3.1] AndroidManifest.xml:21:5-23:58
MERGED from [com.android.support:support-compat:25.3.1] AndroidManifest.xml:21:5-23:58
MERGED from [io.reactivex:rxandroid:1.2.1] AndroidManifest.xml:19:5-43
MERGED from [io.reactivex:rxandroid:1.2.1] AndroidManifest.xml:19:5-43
INJECTED from src/main/AndroidManifest.xml
INJECTED from src/main/AndroidManifest.xml
	tools:overrideLibrary
		ADDED from [com.android.support:design:25.3.1] AndroidManifest.xml:23:9-59
	android:targetSdkVersion
		INJECTED from src/main/AndroidManifest.xml
		ADDED from src/main/AndroidManifest.xml
		INJECTED from src/main/AndroidManifest.xml
	android:minSdkVersion
		INJECTED from src/main/AndroidManifest.xml
		ADDED from src/main/AndroidManifest.xml
		INJECTED from src/main/AndroidManifest.xml
meta-data#android.support.VERSION
ADDED from [com.android.support:design:25.3.1] AndroidManifest.xml:25:5-27:34
MERGED from [com.android.support:appcompat-v7:25.3.1] AndroidManifest.xml:25:5-27:34
MERGED from [com.android.support:appcompat-v7:25.3.1] AndroidManifest.xml:25:5-27:34
MERGED from [com.android.support:transition:25.3.1] AndroidManifest.xml:22:5-24:34
MERGED from [com.android.support:transition:25.3.1] AndroidManifest.xml:22:5-24:34
MERGED from [com.android.support:support-v4:25.3.1] AndroidManifest.xml:25:5-27:34
MERGED from [com.android.support:support-v4:25.3.1] AndroidManifest.xml:25:5-27:34
MERGED from [com.android.support:support-fragment:25.3.1] AndroidManifest.xml:25:5-27:34
MERGED from [com.android.support:support-fragment:25.3.1] AndroidManifest.xml:25:5-27:34
MERGED from [com.android.support:recyclerview-v7:25.3.1] AndroidManifest.xml:22:5-24:34
MERGED from [com.android.support:recyclerview-v7:25.3.1] AndroidManifest.xml:22:5-24:34
MERGED from [com.android.support:support-media-compat:25.3.1] AndroidManifest.xml:25:5-27:34
MERGED from [com.android.support:support-media-compat:25.3.1] AndroidManifest.xml:25:5-27:34
MERGED from [com.android.support:support-core-ui:25.3.1] AndroidManifest.xml:25:5-27:34
MERGED from [com.android.support:support-core-ui:25.3.1] AndroidManifest.xml:25:5-27:34
MERGED from [com.android.support:support-core-utils:25.3.1] AndroidManifest.xml:25:5-27:34
MERGED from [com.android.support:support-core-utils:25.3.1] AndroidManifest.xml:25:5-27:34
MERGED from [com.android.support:animated-vector-drawable:25.3.1] AndroidManifest.xml:22:5-24:34
MERGED from [com.android.support:animated-vector-drawable:25.3.1] AndroidManifest.xml:22:5-24:34
MERGED from [com.android.support:support-vector-drawable:25.3.1] AndroidManifest.xml:22:5-24:34
MERGED from [com.android.support:support-vector-drawable:25.3.1] AndroidManifest.xml:22:5-24:34
MERGED from [com.android.support:support-compat:25.3.1] AndroidManifest.xml:25:5-27:34
MERGED from [com.android.support:support-compat:25.3.1] AndroidManifest.xml:25:5-27:34
	android:value
		ADDED from [com.android.support:design:25.3.1] AndroidManifest.xml:27:9-31
	android:name
		ADDED from [com.android.support:design:25.3.1] AndroidManifest.xml:26:9-47
activity#com.soundcloud.android.crop.CropImageActivity
ADDED from [com.jph.takephoto:takephoto_library:4.0.3] AndroidManifest.xml:15:9-82
	android:name
		ADDED from [com.jph.takephoto:takephoto_library:4.0.3] AndroidManifest.xml:15:19-79
provider#android.support.v4.content.FileProvider
ADDED from [com.jph.takephoto:takephoto_library:4.0.3] AndroidManifest.xml:17:9-25:20
	android:grantUriPermissions
		ADDED from [com.jph.takephoto:takephoto_library:4.0.3] AndroidManifest.xml:21:13-47
	android:authorities
		ADDED from [com.jph.takephoto:takephoto_library:4.0.3] AndroidManifest.xml:19:13-64
	android:exported
		ADDED from [com.jph.takephoto:takephoto_library:4.0.3] AndroidManifest.xml:20:13-37
	android:name
		ADDED from [com.jph.takephoto:takephoto_library:4.0.3] AndroidManifest.xml:18:13-67
meta-data#android.support.FILE_PROVIDER_PATHS
ADDED from [com.jph.takephoto:takephoto_library:4.0.3] AndroidManifest.xml:22:13-24:54
	android:resource
		ADDED from [com.jph.takephoto:takephoto_library:4.0.3] AndroidManifest.xml:24:17-51
	android:name
		ADDED from [com.jph.takephoto:takephoto_library:4.0.3] AndroidManifest.xml:23:17-67
activity#com.darsh.multipleimageselect.activities.AlbumSelectActivity
ADDED from [com.darsh.multipleimageselect:multipleimageselect:1.0.4] AndroidManifest.xml:16:9-24:20
	android:label
		ADDED from [com.darsh.multipleimageselect:multipleimageselect:1.0.4] AndroidManifest.xml:19:13-45
	android:configChanges
		ADDED from [com.darsh.multipleimageselect:multipleimageselect:1.0.4] AndroidManifest.xml:18:13-59
	android:theme
		ADDED from [com.darsh.multipleimageselect:multipleimageselect:1.0.4] AndroidManifest.xml:20:13-60
	android:name
		ADDED from [com.darsh.multipleimageselect:multipleimageselect:1.0.4] AndroidManifest.xml:17:13-88
intent-filter#android.intent.category.DEFAULT
ADDED from [com.darsh.multipleimageselect:multipleimageselect:1.0.4] AndroidManifest.xml:21:13-23:29
category#android.intent.category.DEFAULT
ADDED from [com.darsh.multipleimageselect:multipleimageselect:1.0.4] AndroidManifest.xml:22:17-76
	android:name
		ADDED from [com.darsh.multipleimageselect:multipleimageselect:1.0.4] AndroidManifest.xml:22:27-73
activity#com.darsh.multipleimageselect.activities.ImageSelectActivity
ADDED from [com.darsh.multipleimageselect:multipleimageselect:1.0.4] AndroidManifest.xml:25:9-33:20
	android:label
		ADDED from [com.darsh.multipleimageselect:multipleimageselect:1.0.4] AndroidManifest.xml:28:13-45
	android:configChanges
		ADDED from [com.darsh.multipleimageselect:multipleimageselect:1.0.4] AndroidManifest.xml:27:13-59
	android:theme
		ADDED from [com.darsh.multipleimageselect:multipleimageselect:1.0.4] AndroidManifest.xml:29:13-60
	android:name
		ADDED from [com.darsh.multipleimageselect:multipleimageselect:1.0.4] AndroidManifest.xml:26:13-88
activity#com.blankj.utilcode.util.PermissionUtils$PermissionActivity
ADDED from [com.blankj:utilcode:1.12.6] AndroidManifest.xml:10:9-14:75
	android:windowSoftInputMode
		ADDED from [com.blankj:utilcode:1.12.6] AndroidManifest.xml:14:13-72
	android:configChanges
		ADDED from [com.blankj:utilcode:1.12.6] AndroidManifest.xml:12:13-74
	android:theme
		ADDED from [com.blankj:utilcode:1.12.6] AndroidManifest.xml:13:13-55
	android:name
		ADDED from [com.blankj:utilcode:1.12.6] AndroidManifest.xml:11:13-87
service#com.vector.update_app.service.DownloadService
ADDED from [com.qianwen:update-app:3.3.8] AndroidManifest.xml:16:9-81
	android:name
		ADDED from [com.qianwen:update-app:3.3.8] AndroidManifest.xml:16:18-78
provider#com.vector.update_app.UpdateFileProvider
ADDED from [com.qianwen:update-app:3.3.8] AndroidManifest.xml:18:9-26:20
	android:grantUriPermissions
		ADDED from [com.qianwen:update-app:3.3.8] AndroidManifest.xml:22:13-47
	android:authorities
		ADDED from [com.qianwen:update-app:3.3.8] AndroidManifest.xml:20:13-64
	android:exported
		ADDED from [com.qianwen:update-app:3.3.8] AndroidManifest.xml:21:13-37
	android:name
		ADDED from [com.qianwen:update-app:3.3.8] AndroidManifest.xml:19:13-68